<?xml version="1.0" encoding="UTF-8"?>
<!-- Generated by org.testng.reporters.JUnitReportReporter -->
<testsuite hostname="Sajib" failures="0" tests="2" name="sdMavenPackge.MavenProject.SeleniumTest" time="0.004" errors="0" timestamp="2020-09-11T18:22:26 BDT" skipped="0">
  <testcase classname="sdMavenPackge.MavenProject.SeleniumTest" name="ElementsUI" time="0.002"/>
  <system-out/>
  <testcase classname="sdMavenPackge.MavenProject.SeleniumTest" name="BrowserAutomation" time="0.002"/>
  <system-out/>
</testsuite> <!-- sdMavenPackge.MavenProject.SeleniumTest -->
