<?xml version="1.0" encoding="UTF-8"?>
<!-- Generated by org.testng.reporters.JUnitReportReporter -->
<testsuite hostname="Sajib" failures="0" tests="2" name="sdMavenPackge.MavenProject.RESTAPITest" time="0.012" errors="0" timestamp="2020-09-11T18:22:26 BDT" skipped="0">
  <testcase classname="sdMavenPackge.MavenProject.RESTAPITest" name="podtJira" time="0.002"/>
  <system-out/>
  <testcase classname="sdMavenPackge.MavenProject.RESTAPITest" name="deleteTwitter" time="0.010"/>
  <system-out/>
</testsuite> <!-- sdMavenPackge.MavenProject.RESTAPITest -->
