<?xml version="1.0" encoding="UTF-8"?>
<!-- Generated by org.testng.reporters.JUnitReportReporter -->
<testsuite hostname="Sajib" failures="0" tests="2" name="sdMavenPackge.MavenProject.AppiumTest" time="0.003" errors="0" timestamp="2020-09-11T18:22:26 BDT" skipped="0">
  <testcase classname="sdMavenPackge.MavenProject.AppiumTest" name="NativeAppAndroid" time="0.001"/>
  <system-out/>
  <testcase classname="sdMavenPackge.MavenProject.AppiumTest" name="IOSApps" time="0.002"/>
  <system-out/>
</testsuite> <!-- sdMavenPackge.MavenProject.AppiumTest -->
